<?xml version="1.0" encoding="UTF-8"?>
<!-- Generated by org.testng.reporters.JUnitXMLReporter -->
<testsuite ignored="0" hostname="ThatLostLove" failures="0" tests="3" name="First Test Non Paralell Tests" time="0.013" errors="0" timestamp="2023-07-06T18:45:12 IST">
  <testcase classname="com.qa.herokuapp.tests.FirstNonParalellTest" name="fisrtTest_01" time="0.002"/>
  <testcase classname="com.qa.herokuapp.tests.FirstNonParalellTest" name="fisrtTest_02" time="0.002"/>
  <testcase classname="com.qa.herokuapp.tests.FirstNonParalellTest" name="fisrtTest_03" time="0.001"/>
</testsuite> <!-- First Test Non Paralell Tests -->
