<?xml version="1.0" encoding="UTF-8"?>
<!-- Generated by org.testng.reporters.JUnitXMLReporter -->
<testsuite ignored="0" hostname="ThatLostLove" failures="0" tests="2" name="Default test" time="45.707" errors="0" timestamp="2023-09-25T01:35:46 IST">
  <testcase classname="com.qa.orangehrm.tests.adminPage.AdminPageTests" name="doSearchByUserNameTest" time="3.671"/>
  <testcase classname="com.qa.orangehrm.tests.adminPage.AdminPageTests" name="verifySkillsByDescription" time="0.499"/>
</testsuite> <!-- Default test -->
