<?xml version="1.0" encoding="UTF-8"?>
<!-- Generated by org.testng.reporters.JUnitXMLReporter -->
<testsuite ignored="0" hostname="ThatLostLove" failures="0" tests="2" name="Regression tests" time="72.32" errors="0" timestamp="2023-09-25T20:23:43 IST">
  <testcase classname="com.qa.orangehrm.tests.adminPage.AdminPageTests" name="doSearchByUserNameTest" time="3.52"/>
  <testcase classname="com.qa.orangehrm.tests.adminPage.AdminPageTests" name="verifySkillsByDescription" time="0.471"/>
</testsuite> <!-- Regression tests -->
