<?xml version="1.0" encoding="UTF-8"?>
<testng-results ignored="0" total="2" passed="2" failed="0" skipped="0">
  <reporter-output>
  </reporter-output>
  <suite started-at="2023-09-25T20:22:30 IST" name="Regression Suite" finished-at="2023-09-25T20:23:43 IST" duration-ms="72320">
    <groups>
    </groups>
    <test started-at="2023-09-25T20:22:30 IST" name="Regression tests" finished-at="2023-09-25T20:23:43 IST" duration-ms="72320">
      <class name="com.qa.orangehrm.tests.adminPage.AdminPageTests">
        <test-method is-config="true" signature="setup(java.lang.String)[pri:0, instance:com.qa.orangehrm.tests.adminPage.AdminPageTests@17fc391b]" started-at="2023-09-25T20:22:30 IST" name="setup" finished-at="2023-09-25T20:23:29 IST" duration-ms="58616" status="PASS">
          <params>
            <param index="0">
              <value is-null="true"/>
            </param>
          </params>
          <reporter-output>
          </reporter-output>
        </test-method> <!-- setup -->
        <test-method is-config="true" signature="adminPageSetup()[pri:0, instance:com.qa.orangehrm.tests.adminPage.AdminPageTests@17fc391b]" started-at="2023-09-25T20:23:29 IST" name="adminPageSetup" finished-at="2023-09-25T20:23:36 IST" depends-on-methods="com.qa.orangehrm.base.BaseTestNew.setup" duration-ms="6869" status="PASS">
          <reporter-output>
          </reporter-output>
        </test-method> <!-- adminPageSetup -->
        <test-method signature="doSearchByUserNameTest()[pri:0, instance:com.qa.orangehrm.tests.adminPage.AdminPageTests@17fc391b]" started-at="2023-09-25T20:23:36 IST" name="doSearchByUserNameTest" finished-at="2023-09-25T20:23:39 IST" duration-ms="3520" status="PASS">
          <reporter-output>
          </reporter-output>
        </test-method> <!-- doSearchByUserNameTest -->
        <test-method signature="verifySkillsByDescription()[pri:0, instance:com.qa.orangehrm.tests.adminPage.AdminPageTests@17fc391b]" started-at="2023-09-25T20:23:39 IST" name="verifySkillsByDescription" description="Verify the skill name by it description" finished-at="2023-09-25T20:23:40 IST" duration-ms="471" status="PASS">
          <reporter-output>
          </reporter-output>
        </test-method> <!-- verifySkillsByDescription -->
        <test-method is-config="true" signature="tearDown()[pri:0, instance:com.qa.orangehrm.tests.adminPage.AdminPageTests@17fc391b]" started-at="2023-09-25T20:23:40 IST" name="tearDown" finished-at="2023-09-25T20:23:43 IST" duration-ms="2697" status="PASS">
          <reporter-output>
          </reporter-output>
        </test-method> <!-- tearDown -->
      </class> <!-- com.qa.orangehrm.tests.adminPage.AdminPageTests -->
    </test> <!-- Regression tests -->
  </suite> <!-- Regression Suite -->
</testng-results>
