<?xml version="1.0" encoding="UTF-8"?>
<!-- Generated by org.testng.reporters.JUnitXMLReporter -->
<testsuite ignored="0" hostname="ThatLostLove" failures="0" tests="2" name="Login Page Test 1" time="29.534" errors="0" timestamp="2023-07-06T22:39:17 IST">
  <testcase classname="com.qa.orangehrm.tests.login.LoginPageTests" name="doLoginTest" time="6.705"/>
  <testcase classname="com.qa.orangehrm.tests.login.LoginPageTests" name="loginPageTitleTest" time="0.037"/>
</testsuite> <!-- Login Page Test 1 -->
